This is pdfTeX, Version 3.1415926-2.4-1.40.13 (TeX Live 2012) (format=pdflatex 2012.11.13)  29 NOV 2012 14:01
entering extended mode
 restricted \write18 enabled.
 %&-line parsing enabled.
**\input spate_tutorial.tex
(./spate_tutorial.tex
(/hg/s/linux/9/app/teTeX/07.12/texmf-dist/tex/latex/base/article.cls
Document Class: article 2007/10/19 v1.4h Standard LaTeX document class
(/hg/s/linux/9/app/teTeX/07.12/texmf-dist/tex/latex/base/size11.clo
File: size11.clo 2007/10/19 v1.4h Standard LaTeX file (size option)
)
\c@part=\count79
\c@section=\count80
\c@subsection=\count81
\c@subsubsection=\count82
\c@paragraph=\count83
\c@subparagraph=\count84
\c@figure=\count85
\c@table=\count86
\abovecaptionskip=\skip41
\belowcaptionskip=\skip42
\bibindent=\dimen102
)
(/hg/s/linux/9/app/teTeX/07.12/texmf-dist/tex/latex/amsmath/amsmath.sty
Package: amsmath 2000/07/18 v2.13 AMS math features
\@mathmargin=\skip43

For additional information on amsmath, use the `?' option.
(/hg/s/linux/9/app/teTeX/07.12/texmf-dist/tex/latex/amsmath/amstext.sty
Package: amstext 2000/06/29 v2.01

(/hg/s/linux/9/app/teTeX/07.12/texmf-dist/tex/latex/amsmath/amsgen.sty
File: amsgen.sty 1999/11/30 v2.0
\@emptytoks=\toks14
\ex@=\dimen103
))
(/hg/s/linux/9/app/teTeX/07.12/texmf-dist/tex/latex/amsmath/amsbsy.sty
Package: amsbsy 1999/11/29 v1.2d
\pmbraise@=\dimen104
)
(/hg/s/linux/9/app/teTeX/07.12/texmf-dist/tex/latex/amsmath/amsopn.sty
Package: amsopn 1999/12/14 v2.01 operator names
)
\inf@bad=\count87
LaTeX Info: Redefining \frac on input line 211.
\uproot@=\count88
\leftroot@=\count89
LaTeX Info: Redefining \overline on input line 307.
\classnum@=\count90
\DOTSCASE@=\count91
LaTeX Info: Redefining \ldots on input line 379.
LaTeX Info: Redefining \dots on input line 382.
LaTeX Info: Redefining \cdots on input line 467.
\Mathstrutbox@=\box26
\strutbox@=\box27
\big@size=\dimen105
LaTeX Font Info:    Redeclaring font encoding OML on input line 567.
LaTeX Font Info:    Redeclaring font encoding OMS on input line 568.
\macc@depth=\count92
\c@MaxMatrixCols=\count93
\dotsspace@=\muskip10
\c@parentequation=\count94
\dspbrk@lvl=\count95
\tag@help=\toks15
\row@=\count96
\column@=\count97
\maxfields@=\count98
\andhelp@=\toks16
\eqnshift@=\dimen106
\alignsep@=\dimen107
\tagshift@=\dimen108
\tagwidth@=\dimen109
\totwidth@=\dimen110
\lineht@=\dimen111
\@envbody=\toks17
\multlinegap=\skip44
\multlinetaggap=\skip45
\mathdisplay@stack=\toks18
LaTeX Info: Redefining \[ on input line 2666.
LaTeX Info: Redefining \] on input line 2667.
)
(/hg/s/linux/9/app/teTeX/07.12/texmf-dist/tex/latex/amsfonts/amssymb.sty
Package: amssymb 2009/06/22 v3.00

(/hg/s/linux/9/app/teTeX/07.12/texmf-dist/tex/latex/amsfonts/amsfonts.sty
Package: amsfonts 2009/06/22 v3.00 Basic AMSFonts support
\symAMSa=\mathgroup4
\symAMSb=\mathgroup5
LaTeX Font Info:    Overwriting math alphabet `\mathfrak' in version `bold'
(Font)                  U/euf/m/n --> U/euf/b/n on input line 96.
))
(/hg/s/linux/9/app/teTeX/07.12/texmf-dist/tex/latex/tools/verbatim.sty
Package: verbatim 2003/08/22 v1.5q LaTeX2e package for verbatim enhancements
\every@verbatim=\toks19
\verbatim@line=\toks20
\verbatim@in@stream=\read1
)
(/hg/s/linux/9/app/teTeX/07.12/texmf-dist/tex/latex/graphics/graphicx.sty
Package: graphicx 1999/02/16 v1.0f Enhanced LaTeX Graphics (DPC,SPQR)

(/hg/s/linux/9/app/teTeX/07.12/texmf-dist/tex/latex/graphics/keyval.sty
Package: keyval 1999/03/16 v1.13 key=value parser (DPC)
\KV@toks@=\toks21
)
(/hg/s/linux/9/app/teTeX/07.12/texmf-dist/tex/latex/graphics/graphics.sty
Package: graphics 2009/02/05 v1.0o Standard LaTeX Graphics (DPC,SPQR)

(/hg/s/linux/9/app/teTeX/07.12/texmf-dist/tex/latex/graphics/trig.sty
Package: trig 1999/03/16 v1.09 sin cos tan (DPC)
)
(/hg/s/linux/9/app/teTeX/07.12/texmf-dist/tex/latex/latexconfig/graphics.cfg
File: graphics.cfg 2010/04/23 v1.9 graphics configuration of TeX Live
)
Package graphics Info: Driver file: pdftex.def on input line 91.

(/hg/s/linux/9/app/teTeX/07.12/texmf-dist/tex/latex/pdftex-def/pdftex.def
File: pdftex.def 2011/05/27 v0.06d Graphics/color for pdfTeX

(/hg/s/linux/9/app/teTeX/07.12/texmf-dist/tex/generic/oberdiek/infwarerr.sty
Package: infwarerr 2010/04/08 v1.3 Providing info/warning/error messages (HO)
)
(/hg/s/linux/9/app/teTeX/07.12/texmf-dist/tex/generic/oberdiek/ltxcmds.sty
Package: ltxcmds 2011/11/09 v1.22 LaTeX kernel commands for general use (HO)
)
\Gread@gobject=\count99
))
\Gin@req@height=\dimen112
\Gin@req@width=\dimen113
)
(/u/sfs/tex/tex/latex/Sweave.sty
Package: Sweave 

(/hg/s/linux/9/app/teTeX/07.12/texmf-dist/tex/latex/base/ifthen.sty
Package: ifthen 2001/05/26 v1.1c Standard LaTeX ifthen package (DPC)
)
(/hg/s/linux/9/app/teTeX/07.12/texmf-dist/tex/latex/fancyvrb/fancyvrb.sty
Package: fancyvrb 2008/02/07

Style option: `fancyvrb' v2.7a, with DG/SPQR fixes, and firstline=lastline fix 
<2008/02/07> (tvz)
\FV@CodeLineNo=\count100
\FV@InFile=\read2
\FV@TabBox=\box28
\c@FancyVerbLine=\count101
\FV@StepNumber=\count102
\FV@OutFile=\write3
) (/u/sfs/tex/tex/latex/upquote.sty
Package: upquote 2003/08/11 v1.1 Covington's upright-quote modification to verb
atim and verb

(/hg/s/linux/9/app/teTeX/07.12/texmf-dist/tex/latex/base/textcomp.sty
Package: textcomp 2005/09/27 v1.99g Standard LaTeX package
Package textcomp Info: Sub-encoding information:
(textcomp)               5 = only ISO-Adobe without \textcurrency
(textcomp)               4 = 5 + \texteuro
(textcomp)               3 = 4 + \textohm
(textcomp)               2 = 3 + \textestimated + \textcurrency
(textcomp)               1 = TS1 - \textcircled - \t
(textcomp)               0 = TS1 (full)
(textcomp)             Font families with sub-encoding setting implement
(textcomp)             only a restricted character set as indicated.
(textcomp)             Family '?' is the default used for unknown fonts.
(textcomp)             See the documentation for details.
Package textcomp Info: Setting ? sub-encoding to TS1/1 on input line 71.

(/hg/s/linux/9/app/teTeX/07.12/texmf-dist/tex/latex/base/ts1enc.def
File: ts1enc.def 2001/06/05 v3.0e (jk/car/fm) Standard LaTeX file
)
LaTeX Info: Redefining \oldstylenums on input line 266.
Package textcomp Info: Setting cmr sub-encoding to TS1/0 on input line 281.
Package textcomp Info: Setting cmss sub-encoding to TS1/0 on input line 282.
Package textcomp Info: Setting cmtt sub-encoding to TS1/0 on input line 283.
Package textcomp Info: Setting cmvtt sub-encoding to TS1/0 on input line 284.
Package textcomp Info: Setting cmbr sub-encoding to TS1/0 on input line 285.
Package textcomp Info: Setting cmtl sub-encoding to TS1/0 on input line 286.
Package textcomp Info: Setting ccr sub-encoding to TS1/0 on input line 287.
Package textcomp Info: Setting ptm sub-encoding to TS1/4 on input line 288.
Package textcomp Info: Setting pcr sub-encoding to TS1/4 on input line 289.
Package textcomp Info: Setting phv sub-encoding to TS1/4 on input line 290.
Package textcomp Info: Setting ppl sub-encoding to TS1/3 on input line 291.
Package textcomp Info: Setting pag sub-encoding to TS1/4 on input line 292.
Package textcomp Info: Setting pbk sub-encoding to TS1/4 on input line 293.
Package textcomp Info: Setting pnc sub-encoding to TS1/4 on input line 294.
Package textcomp Info: Setting pzc sub-encoding to TS1/4 on input line 295.
Package textcomp Info: Setting bch sub-encoding to TS1/4 on input line 296.
Package textcomp Info: Setting put sub-encoding to TS1/5 on input line 297.
Package textcomp Info: Setting uag sub-encoding to TS1/5 on input line 298.
Package textcomp Info: Setting ugq sub-encoding to TS1/5 on input line 299.
Package textcomp Info: Setting ul8 sub-encoding to TS1/4 on input line 300.
Package textcomp Info: Setting ul9 sub-encoding to TS1/4 on input line 301.
Package textcomp Info: Setting augie sub-encoding to TS1/5 on input line 302.
Package textcomp Info: Setting dayrom sub-encoding to TS1/3 on input line 303.
Package textcomp Info: Setting dayroms sub-encoding to TS1/3 on input line 304.

Package textcomp Info: Setting pxr sub-encoding to TS1/0 on input line 305.
Package textcomp Info: Setting pxss sub-encoding to TS1/0 on input line 306.
Package textcomp Info: Setting pxtt sub-encoding to TS1/0 on input line 307.
Package textcomp Info: Setting txr sub-encoding to TS1/0 on input line 308.
Package textcomp Info: Setting txss sub-encoding to TS1/0 on input line 309.
Package textcomp Info: Setting txtt sub-encoding to TS1/0 on input line 310.
Package textcomp Info: Setting lmr sub-encoding to TS1/0 on input line 311.
Package textcomp Info: Setting lmdh sub-encoding to TS1/0 on input line 312.
Package textcomp Info: Setting lmss sub-encoding to TS1/0 on input line 313.
Package textcomp Info: Setting lmssq sub-encoding to TS1/0 on input line 314.
Package textcomp Info: Setting lmvtt sub-encoding to TS1/0 on input line 315.
Package textcomp Info: Setting qhv sub-encoding to TS1/0 on input line 316.
Package textcomp Info: Setting qag sub-encoding to TS1/0 on input line 317.
Package textcomp Info: Setting qbk sub-encoding to TS1/0 on input line 318.
Package textcomp Info: Setting qcr sub-encoding to TS1/0 on input line 319.
Package textcomp Info: Setting qcs sub-encoding to TS1/0 on input line 320.
Package textcomp Info: Setting qpl sub-encoding to TS1/0 on input line 321.
Package textcomp Info: Setting qtm sub-encoding to TS1/0 on input line 322.
Package textcomp Info: Setting qzc sub-encoding to TS1/0 on input line 323.
Package textcomp Info: Setting qhvc sub-encoding to TS1/0 on input line 324.
Package textcomp Info: Setting futs sub-encoding to TS1/4 on input line 325.
Package textcomp Info: Setting futx sub-encoding to TS1/4 on input line 326.
Package textcomp Info: Setting futj sub-encoding to TS1/4 on input line 327.
Package textcomp Info: Setting hlh sub-encoding to TS1/3 on input line 328.
Package textcomp Info: Setting hls sub-encoding to TS1/3 on input line 329.
Package textcomp Info: Setting hlst sub-encoding to TS1/3 on input line 330.
Package textcomp Info: Setting hlct sub-encoding to TS1/5 on input line 331.
Package textcomp Info: Setting hlx sub-encoding to TS1/5 on input line 332.
Package textcomp Info: Setting hlce sub-encoding to TS1/5 on input line 333.
Package textcomp Info: Setting hlcn sub-encoding to TS1/5 on input line 334.
Package textcomp Info: Setting hlcw sub-encoding to TS1/5 on input line 335.
Package textcomp Info: Setting hlcf sub-encoding to TS1/5 on input line 336.
Package textcomp Info: Setting pplx sub-encoding to TS1/3 on input line 337.
Package textcomp Info: Setting pplj sub-encoding to TS1/3 on input line 338.
Package textcomp Info: Setting ptmx sub-encoding to TS1/4 on input line 339.
Package textcomp Info: Setting ptmj sub-encoding to TS1/4 on input line 340.
))
(/hg/s/linux/9/app/teTeX/07.12/texmf-dist/tex/latex/base/fontenc.sty
Package: fontenc 2005/09/27 v1.99g Standard LaTeX package

(/hg/s/linux/9/app/teTeX/07.12/texmf-dist/tex/latex/base/t1enc.def
File: t1enc.def 2005/09/27 v1.99g Standard LaTeX file
LaTeX Font Info:    Redeclaring font encoding T1 on input line 43.
))
(/hg/s/linux/9/app/teTeX/07.12/texmf-dist/tex/latex/ae/ae.sty
Package: ae 2001/02/12 1.3 Almost European Computer Modern

(/hg/s/linux/9/app/teTeX/07.12/texmf-dist/tex/latex/base/fontenc.sty
Package: fontenc 2005/09/27 v1.99g Standard LaTeX package

(/hg/s/linux/9/app/teTeX/07.12/texmf-dist/tex/latex/base/t1enc.def
File: t1enc.def 2005/09/27 v1.99g Standard LaTeX file
LaTeX Font Info:    Redeclaring font encoding T1 on input line 43.
)
LaTeX Font Info:    Try loading font information for T1+aer on input line 100.

(/hg/s/linux/9/app/teTeX/07.12/texmf-dist/tex/latex/ae/t1aer.fd
File: t1aer.fd 1997/11/16 Font definitions for T1/aer.
))))
(/hg/s/linux/9/app/teTeX/07.12/texmf-dist/tex/latex/eurosym/eurosym.sty
Package: eurosym 1998/08/06 v1.1 European currency symbol ``Euro''
\@eurobox=\box29
)
(/hg/s/linux/9/app/teTeX/07.12/texmf-dist/tex/latex/ntgclass/a4.sty
Package: a4 2004/04/15 v1.2g A4 based page layout
)
(/hg/s/linux/9/app/teTeX/07.12/texmf-dist/tex/latex/natbib/natbib.sty
Package: natbib 2010/09/13 8.31b (PWD, AO)
\bibhang=\skip46
\bibsep=\skip47
LaTeX Info: Redefining \cite on input line 694.
\c@NAT@ctr=\count103
)
(./spate_tutorial.aux)
\openout1 = `spate_tutorial.aux'.

LaTeX Font Info:    Checking defaults for OML/cmm/m/it on input line 18.
LaTeX Font Info:    ... okay on input line 18.
LaTeX Font Info:    Checking defaults for T1/cmr/m/n on input line 18.
LaTeX Font Info:    ... okay on input line 18.
LaTeX Font Info:    Checking defaults for OT1/cmr/m/n on input line 18.
LaTeX Font Info:    ... okay on input line 18.
LaTeX Font Info:    Checking defaults for OMS/cmsy/m/n on input line 18.
LaTeX Font Info:    ... okay on input line 18.
LaTeX Font Info:    Checking defaults for OMX/cmex/m/n on input line 18.
LaTeX Font Info:    ... okay on input line 18.
LaTeX Font Info:    Checking defaults for U/cmr/m/n on input line 18.
LaTeX Font Info:    ... okay on input line 18.
LaTeX Font Info:    Checking defaults for TS1/cmr/m/n on input line 18.
LaTeX Font Info:    Try loading font information for TS1+cmr on input line 18.

(/hg/s/linux/9/app/teTeX/07.12/texmf-dist/tex/latex/base/ts1cmr.fd
File: ts1cmr.fd 1999/05/25 v2.5h Standard LaTeX font definitions
)
LaTeX Font Info:    ... okay on input line 18.

(/hg/s/linux/9/app/teTeX/07.12/texmf-dist/tex/context/base/supp-pdf.mkii
[Loading MPS to PDF converter (version 2006.09.02).]
\scratchcounter=\count104
\scratchdimen=\dimen114
\scratchbox=\box30
\nofMPsegments=\count105
\nofMParguments=\count106
\everyMPshowfont=\toks22
\MPscratchCnt=\count107
\MPscratchDim=\dimen115
\MPnumerator=\count108
\makeMPintoPDFobject=\count109
\everyMPtoPDFconversion=\toks23
) (/hg/s/linux/9/app/teTeX/07.12/texmf-dist/tex/generic/oberdiek/pdftexcmds.sty
Package: pdftexcmds 2011/11/29 v0.20 Utility functions of pdfTeX for LuaTeX (HO
)
(/hg/s/linux/9/app/teTeX/07.12/texmf-dist/tex/generic/oberdiek/ifluatex.sty
Package: ifluatex 2010/03/01 v1.3 Provides the ifluatex switch (HO)
Package ifluatex Info: LuaTeX not detected.
)
(/hg/s/linux/9/app/teTeX/07.12/texmf-dist/tex/generic/oberdiek/ifpdf.sty
Package: ifpdf 2011/01/30 v2.3 Provides the ifpdf switch (HO)
Package ifpdf Info: pdfTeX in PDF mode is detected.
)
Package pdftexcmds Info: LuaTeX not detected.
Package pdftexcmds Info: \pdf@primitive is available.
Package pdftexcmds Info: \pdf@ifprimitive is available.
Package pdftexcmds Info: \pdfdraftmode found.
)
(/hg/s/linux/9/app/teTeX/07.12/texmf-dist/tex/latex/oberdiek/epstopdf-base.sty
Package: epstopdf-base 2010/02/09 v2.5 Base part for package epstopdf

(/hg/s/linux/9/app/teTeX/07.12/texmf-dist/tex/latex/oberdiek/grfext.sty
Package: grfext 2010/08/19 v1.1 Manage graphics extensions (HO)

(/hg/s/linux/9/app/teTeX/07.12/texmf-dist/tex/generic/oberdiek/kvdefinekeys.sty
Package: kvdefinekeys 2011/04/07 v1.3 Define keys (HO)
)) (/hg/s/linux/9/app/teTeX/07.12/texmf-dist/tex/latex/oberdiek/kvoptions.sty
Package: kvoptions 2011/06/30 v3.11 Key value format for package options (HO)

(/hg/s/linux/9/app/teTeX/07.12/texmf-dist/tex/generic/oberdiek/kvsetkeys.sty
Package: kvsetkeys 2012/04/25 v1.16 Key value parser (HO)

(/hg/s/linux/9/app/teTeX/07.12/texmf-dist/tex/generic/oberdiek/etexcmds.sty
Package: etexcmds 2011/02/16 v1.5 Avoid name clashes with e-TeX commands (HO)
Package etexcmds Info: Could not find \expanded.
(etexcmds)             That can mean that you are not using pdfTeX 1.50 or
(etexcmds)             that some package has redefined \expanded.
(etexcmds)             In the latter case, load this package earlier.
)))
Package grfext Info: Graphics extension search list:
(grfext)             [.png,.pdf,.jpg,.mps,.jpeg,.jbig2,.jb2,.PNG,.PDF,.JPG,.JPE
G,.JBIG2,.JB2,.eps]
(grfext)             \AppendGraphicsExtensions on input line 452.

(/hg/s/linux/9/app/teTeX/07.12/texmf-dist/tex/latex/latexconfig/epstopdf-sys.cf
g
File: epstopdf-sys.cfg 2010/07/13 v1.3 Configuration of (r)epstopdf for TeX Liv
e
))
LaTeX Font Info:    Try loading font information for T1+aett on input line 23.
 (/hg/s/linux/9/app/teTeX/07.12/texmf-dist/tex/latex/ae/t1aett.fd
File: t1aett.fd 1997/11/16 Font definitions for T1/aett.
)
LaTeX Font Info:    Try loading font information for U+msa on input line 23.

(/hg/s/linux/9/app/teTeX/07.12/texmf-dist/tex/latex/amsfonts/umsa.fd
File: umsa.fd 2009/06/22 v3.00 AMS symbols A
)
LaTeX Font Info:    Try loading font information for U+msb on input line 23.

(/hg/s/linux/9/app/teTeX/07.12/texmf-dist/tex/latex/amsfonts/umsb.fd
File: umsb.fd 2009/06/22 v3.00 AMS symbols B
)
Overfull \hbox (0.90096pt too wide) in paragraph at lines 26--32
\T1/aer/m/n/10 data sets. A spatio-temporal Gaus-sian pro-cess is de-fined thro
ugh a stochas-
 []

[1

{/hg/s/linux/9/app/teTeX/07.12/texmf-var/fonts/map/pdftex/updmap/pdftex.map}] (
./spate_tutorial.toc)
\tf@toc=\write4
\openout4 = `spate_tutorial.toc'.

 [2

] [3

] [4]
Overfull \hbox (2.0299pt too wide) in paragraph at lines 207--207
[] 
 []

[5] <spate_tutorial-WaveNumbers.pdf, id=33, 361.35pt x 361.35pt>
File: spate_tutorial-WaveNumbers.pdf Graphic file (type pdf)

<use spate_tutorial-WaveNumbers.pdf>
Package pdftex.def Info: spate_tutorial-WaveNumbers.pdf used on input line 269.

(pdftex.def)             Requested size: 244.27016pt x 244.27014pt.


LaTeX Warning: `!h' float specifier changed to `!ht'.

<spate_tutorial-FourierBasis2.pdf, id=34, 1662.21pt x 505.89pt>
File: spate_tutorial-FourierBasis2.pdf Graphic file (type pdf)

<use spate_tutorial-FourierBasis2.pdf>
Package pdftex.def Info: spate_tutorial-FourierBasis2.pdf used on input line 28
2.
(pdftex.def)             Requested size: 375.80377pt x 114.37611pt.


LaTeX Warning: `!h' float specifier changed to `!ht'.

[6]
Overfull \hbox (5.95776pt too wide) in paragraph at lines 296--302
\T1/aer/m/n/10.95 di-tion-ally on $\OML/cmm/m/it/10.95 w\OT1/cmr/m/n/10.95 (\OM
L/cmm/m/it/10.95 t[]; [][]\OT1/cmr/m/n/10.95 )$ \T1/aer/m/n/10.95 or con-di-tio
n-ally on the lin-ear pre-dic-tor $[][] [] \OT1/cmr/m/n/10.95 +
 []

[7 <./spate_tutorial-WaveNumbers.pdf> <./spate_tutorial-FourierBasis2.pdf>]
[8] <spate_tutorial-SpecSim2.pdf, id=61, 505.89pt x 252.945pt>
File: spate_tutorial-SpecSim2.pdf Graphic file (type pdf)

<use spate_tutorial-SpecSim2.pdf>
Package pdftex.def Info: spate_tutorial-SpecSim2.pdf used on input line 388.
(pdftex.def)             Requested size: 375.80377pt x 187.90584pt.


LaTeX Warning: `!h' float specifier changed to `!ht'.

<spate_tutorial-Propagator.pdf, id=62, 361.35pt x 361.35pt>
File: spate_tutorial-Propagator.pdf Graphic file (type pdf)

<use spate_tutorial-Propagator.pdf>
Package pdftex.def Info: spate_tutorial-Propagator.pdf used on input line 417.
(pdftex.def)             Requested size: 244.27016pt x 244.27014pt.


LaTeX Warning: `!h' float specifier changed to `!ht'.

[9] [10 <./spate_tutorial-SpecSim2.pdf> <./spate_tutorial-Propagator.pdf>]
<spate_tutorial-Propagate2.pdf, id=82, 505.89pt x 252.945pt>
File: spate_tutorial-Propagate2.pdf Graphic file (type pdf)

<use spate_tutorial-Propagate2.pdf>
Package pdftex.def Info: spate_tutorial-Propagate2.pdf used on input line 461.
(pdftex.def)             Requested size: 244.27016pt x 122.13782pt.
 [11 <./spate_tutorial-Propagate2.pdf>]
[12] <spate_tutorial-ImageRecon2.pdf, id=95, 505.89pt x 505.89pt>
File: spate_tutorial-ImageRecon2.pdf Graphic file (type pdf)

<use spate_tutorial-ImageRecon2.pdf>
Package pdftex.def Info: spate_tutorial-ImageRecon2.pdf used on input line 547.

(pdftex.def)             Requested size: 375.80377pt x 375.81166pt.

<spate_tutorial-SimSPDE.pdf, id=96, 1084.05pt x 216.81pt>
File: spate_tutorial-SimSPDE.pdf Graphic file (type pdf)

<use spate_tutorial-SimSPDE.pdf>
Package pdftex.def Info: spate_tutorial-SimSPDE.pdf used on input line 584.
(pdftex.def)             Requested size: 375.80377pt x 75.16013pt.
 [13 <./spate_tutorial-ImageRecon2.pdf>]
LaTeX Font Info:    Try loading font information for TS1+aett on input line 620
.

(/u/sfs/tex/tex/latex/R_latex/ts1aett.fd
File: ts1aett.fd 
)
LaTeX Font Info:    Try loading font information for TS1+cmtt on input line 620
.

(/hg/s/linux/9/app/teTeX/07.12/texmf-dist/tex/latex/base/ts1cmtt.fd
File: ts1cmtt.fd 1999/05/25 v2.5h Standard LaTeX font definitions
)
LaTeX Font Info:    Font shape `TS1/aett/m/sl' in size <10.95> not available
(Font)              Font shape `TS1/cmtt/m/sl' tried instead on input line 620.

 [14 <./spate_tutorial-SimSPDE.pdf>]
<spate_tutorial-FullCond2.pdf, id=116, 505.89pt x 252.945pt>
File: spate_tutorial-FullCond2.pdf Graphic file (type pdf)

<use spate_tutorial-FullCond2.pdf>
Package pdftex.def Info: spate_tutorial-FullCond2.pdf used on input line 642.
(pdftex.def)             Requested size: 375.80377pt x 187.90584pt.
 [15 <./spate_tutorial-FullCond2.pdf>]
[16] [17]
LaTeX Font Info:    Try loading font information for TS1+aer on input line 823.

 (/u/sfs/tex/tex/latex/R_latex/ts1aer.fd
File: ts1aer.fd 
)
LaTeX Font Info:    Font shape `TS1/aer/m/n' in size <10.95> not available
(Font)              Font shape `TS1/cmr/m/n' tried instead on input line 823.
 [18] [19] [20]
<spate_tutorial-MCMC4.pdf, id=143, 505.89pt x 505.89pt>
File: spate_tutorial-MCMC4.pdf Graphic file (type pdf)

<use spate_tutorial-MCMC4.pdf>
Package pdftex.def Info: spate_tutorial-MCMC4.pdf used on input line 969.
(pdftex.def)             Requested size: 375.80377pt x 375.81166pt.


LaTeX Warning: `!h' float specifier changed to `!ht'.

[21] [22 <./spate_tutorial-MCMC4.pdf>]
<spate_tutorial-predict2.pdf, id=156, 505.89pt x 336.25626pt>
File: spate_tutorial-predict2.pdf Graphic file (type pdf)

<use spate_tutorial-predict2.pdf>
Package pdftex.def Info: spate_tutorial-predict2.pdf used on input line 1031.
(pdftex.def)             Requested size: 375.80377pt x 249.79546pt.
 (./spate_tutorial.bbl [23 <./spate_tutorial-predict2.pdf>]) [24] (./spate_tuto
rial.aux) ) 
Here is how much of TeX's memory you used:
 4235 strings out of 493488
 58898 string characters out of 3138790
 113278 words of memory out of 3000000
 7379 multiletter control sequences out of 15000+200000
 45276 words of font info for 104 fonts, out of 3000000 for 9000
 957 hyphenation exceptions out of 8191
 38i,26n,25p,426b,286s stack positions out of 5000i,500n,10000p,200000b,50000s
{/hg/s/linux/9/app/teTeX/07.12/texmf-dist/fonts/enc/dvips/cm-super/c
m-super-ts1.enc}</hg/s/linux/9/app/teTeX/07.12/texmf-dist/fonts/type1/public/am
sfonts/cm/cmbx10.pfb></hg/s/linux/9/app/teTeX/07.12/texmf-dist/fonts/type1/publ
ic/amsfonts/cm/cmbx12.pfb></hg/s/linux/9/app/teTeX/07.12/texmf-dist/fonts/type1
/public/amsfonts/cm/cmbx8.pfb></hg/s/linux/9/app/teTeX/07.12/texmf-dist/fonts/t
ype1/public/amsfonts/cm/cmex10.pfb></hg/s/linux/9/app/teTeX/07.12/texmf-dist/fo
nts/type1/public/amsfonts/cm/cmmi10.pfb></hg/s/linux/9/app/teTeX/07.12/texmf-di
st/fonts/type1/public/amsfonts/cm/cmmi6.pfb></hg/s/linux/9/app/teTeX/07.12/texm
f-dist/fonts/type1/public/amsfonts/cm/cmmi8.pfb></hg/s/linux/9/app/teTeX/07.12/
texmf-dist/fonts/type1/public/amsfonts/cm/cmmib10.pfb></hg/s/linux/9/app/teTeX/
07.12/texmf-dist/fonts/type1/public/amsfonts/cmextra/cmmib8.pfb></hg/s/linux/9/
app/teTeX/07.12/texmf-dist/fonts/type1/public/amsfonts/cm/cmr10.pfb></hg/s/linu
x/9/app/teTeX/07.12/texmf-dist/fonts/type1/public/amsfonts/cm/cmr12.pfb></hg/s/
linux/9/app/teTeX/07.12/texmf-dist/fonts/type1/public/amsfonts/cm/cmr17.pfb></h
g/s/linux/9/app/teTeX/07.12/texmf-dist/fonts/type1/public/amsfonts/cm/cmr8.pfb>
</hg/s/linux/9/app/teTeX/07.12/texmf-dist/fonts/type1/public/amsfonts/cm/cmsltt
10.pfb></hg/s/linux/9/app/teTeX/07.12/texmf-dist/fonts/type1/public/amsfonts/cm
/cmsy10.pfb></hg/s/linux/9/app/teTeX/07.12/texmf-dist/fonts/type1/public/amsfon
ts/cm/cmsy6.pfb></hg/s/linux/9/app/teTeX/07.12/texmf-dist/fonts/type1/public/am
sfonts/cm/cmsy8.pfb></hg/s/linux/9/app/teTeX/07.12/texmf-dist/fonts/type1/publi
c/amsfonts/cm/cmti10.pfb></hg/s/linux/9/app/teTeX/07.12/texmf-dist/fonts/type1/
public/amsfonts/cm/cmtt10.pfb></hg/s/linux/9/app/teTeX/07.12/texmf-dist/fonts/t
ype1/public/amsfonts/cm/cmtt12.pfb></hg/s/linux/9/app/teTeX/07.12/texmf-dist/fo
nts/type1/public/amsfonts/symbols/msbm10.pfb></hg/s/linux/9/app/teTeX/07.12/tex
mf-dist/fonts/type1/public/cm-super/sfrm1095.pfb></hg/s/linux/9/app/teTeX/07.12
/texmf-dist/fonts/type1/public/cm-super/sfst1095.pfb>
Output written on spate_tutorial.pdf (24 pages, 1143595 bytes).
PDF statistics:
 244 PDF objects out of 1000 (max. 8388607)
 173 compressed objects within 2 object streams
 0 named destinations out of 1000 (max. 500000)
 51 words of extra memory for PDF output out of 10000 (max. 10000000)

